 gapen = 1.300000 betaw = 1.500000 betae = 0.700000
 -1.0 -1.0  prot->Compound = 
 cycles = 2 len = 128
sheet:   52    7   32
sheet:   33    8   53
sheet:   34    9   54
sheet:   35   10   55
sheet:    8   53   82
sheet:   83   54    9
sheet:   84   55   10
sheet:  104   83   54
sheet:   55   84  105
sheet:  106   85   56

  0 |   0  0  0  0  0  0  0  0  0  0  0  0  0  0  0  0  0  0  0
  1 |   0  0  0  0  0  0  0  0  0  0  0  0  0  0  0  0  0  0  0
  2 |   0 -3  0  0  0  0  0  0  0  0  0  0  0  0  0  0  0  0  0
  3 *   0 -3 -5  0  0  0  0  0  0  0  0  0  0  0  0  0  0  0  0
  4 *   0 -3 -5 -6  0  0  0  0  0  0  0  0  0  0  0  0  0  0  0
  5 |   1 -3 -5 -6 -7  0  0  0  0  0  0  0  0  0  0  0  0  0  0
  6 |   3 -3 -5 -6 -7 -9  0  0  0  0  0  0  0  0  0  0  0  0  0
  7 |   3 30 -5 -6 -7 -9-10  0  0  0  0  0  0  0  0  0  0  0  0
  8 |   3  7 -5 -6 -7 -9-10-11  0  0  0  0  0  0  0  0  0  0  0
  9 |   3 -3 -5 -6 -7 -9-10-11-13  0  0  0  0  0  0  0  0  0  0
 10 |   2 -3 -5 -6 -7 -9-10-11-13-14  0  0  0  0  0  0  0  0  0
 11 *   0 -3 -5 -6 -7 -9-10-11-13-14-15  0  0  0  0  0  0  0  0
 12 |   0 -3 -5 -6 -7 -9-10-11-13-14-15-16  0  0  0  0  0  0  0
 13 |   0 -3 -5 -6 -7 -9-10-11-13-14-15-16-18  0  0  0  0  0  0
 14 |   0 -1 -5 -6 -7 -9-10-11-13-14-15-16-18-19  0  0  0  0  0
 15 |   0  2 -1 -6 -7 -9-10-11-13-14-15-16-18-19-20  0  0  0  0
 16 |   0 11  4 -1 -7 -9-10-11-13-14-15-16-18-19-20-22  0  0  0
 17 |   0 11 13  4 -1 -9-10-11-13-14-15-16-18-19-20-22-23  0  0
 18 |   0  8 12 15  6 -2-10-11-13-14-15-16-18-19-20-22-23-24  0
 19 |   0  7 11 17 16  6 -3-11-13-14-15-16-18-19-20-22-23-24-26
 20 |   0  8 12 14 17  7 -5-11-13-14-15-16-18-19-20-22-23-24-26
 21 |   0  9 12 13  6 -4-10-11-13-14-15-16-18-19-20-22-23-24-26
 22 |   0  8 13  5 -4 -9-10-11-13-14-15-16-18-19-20-22-23-24-26
 23 |   0 10  3 -3 -7 -9-10-11-13-14-15-16-18-19-20-22-23-24-26
 24 |   0  2 -3 -6 -7 -9-10-11-13-14-15-16-18-19-20-22-23-24-26
 25 |   0 -2 -5 -6 -7 -9-10-11-13-14-15-16-18-19-20-22-23-24-26
 26 |   0 -3 -5 -6 -7 -9-10-11-13-14-15-16-18-19-20-22-23-24-26
 27 |   0 -3 -5 -6 -7 -9-10-11-13-14-15-16-18-19-20-22-23-24-26
 28 *   0 -3 -5 -6 -7 -9-10-11-13-14-15-16-18-19-20-22-23-24-26
 29 |   1 -3 -5 -6 -7 -9-10-11-13-14-15-16-18-19-20-22-23-24-26
 30 |   2 -3 -5 -6 -7 -9-10-11-13-14-15-16-18-19-20-22-23-24-26
 31 |   3  0 -5 -6 -7 -9-10-11-13-14-15-16-18-19-20-22-23-24-26
 32 |   3  3 -2 -6 -7 -9-10-11-13-14-15-16-18-19-20-22-23-24-26
 33 |   3  2 -5 -6 -7 -9-10-11-13-14-15-16-18-19-20-22-23-24-26
 34 |   2 -3 -5 -6 -7 -9-10-11-13-14-15-16-18-19-20-22-23-24-26
 35 |   1 -3 -5 -6 -7 -9-10-11-13-14-15-16-18-19-20-22-23-24-26
 36 *   0 -3 -5 -6 -7 -9-10-11-13-14-15-16-18-19-20-22-23-24-26
 37 |   0 -3 -5 -6 -7 -9-10-11-13-14-15-16-18-19-20-22-23-24-26
 38 |   0 -3 -5 -6 -7 -9-10-11-13-14-15-16-18-19-20-22-23-24-26
 39 |   0  2 -5 -6 -7 -9-10-11-13-14-15-16-18-19-20-22-23-24-26
 40 |   0 13  3 -6 -7 -9-10-11-13-14-15-16-18-19-20-22-23-24-26
 41 |   0 10  6  1 -7 -9-10-11-13-14-15-16-18-19-20-22-23-24-26
 42 |   0  5  5  3 -2 -9-10-11-13-14-15-16-18-19-20-22-23-24-26
 43 |   0  5  3 -1 -7 -9-10-11-13-14-15-16-18-19-20-22-23-24-26
 44 |   0  7  0 -6 -7 -9-10-11-13-14-15-16-18-19-20-22-23-24-26
 45 |   0  0 -5 -6 -7 -9-10-11-13-14-15-16-18-19-20-22-23-24-26
 46 |   0 -3 -5 -6 -7 -9-10-11-13-14-15-16-18-19-20-22-23-24-26
 47 |   0 -3 -5 -6 -7 -9-10-11-13-14-15-16-18-19-20-22-23-24-26
 48 *   0 -3 -5 -6 -7 -9-10-11-13-14-15-16-18-19-20-22-23-24-26
 49 |   1 -3 -5 -6 -7 -9-10-11-13-14-15-16-18-19-20-22-23-24-26
 50 |   2 -3 -5 -6 -7 -9-10-11-13-14-15-16-18-19-20-22-23-24-26
 51 |   3 -1 -5 -6 -7 -9-10-11-13-14-15-16-18-19-20-22-23-24-26
 52 |   3  2 -3 -6 -7 -9-10-11-13-14-15-16-18-19-20-22-23-24-26
 53 |   4  6 -1 -6 -7 -9-10-11-13-14-15-16-18-19-20-22-23-24-26
 54 |   3  0 -5 -6 -7 -9-10-11-13-14-15-16-18-19-20-22-23-24-26
 55 |   2 -3 -5 -6 -7 -9-10-11-13-14-15-16-18-19-20-22-23-24-26
 56 |   1 -3 -5 -6 -7 -9-10-11-13-14-15-16-18-19-20-22-23-24-26
 57 *   0 -3 -5 -6 -7 -9-10-11-13-14-15-16-18-19-20-22-23-24-26
 58 |   0 -3 -5 -6 -7 -9-10-11-13-14-15-16-18-19-20-22-23-24-26
 59 |   0 -3 -5 -6 -7 -9-10-11-13-14-15-16-18-19-20-22-23-24-26
 60 |   0 -3 -5 -6 -7 -9-10-11-13-14-15-16-18-19-20-22-23-24-26
 61 |   0 -3 -5 -6 -7 -9-10-11-13-14-15-16-18-19-20-22-23-24-26
 62 |   0 -1 -4 -6 -7 -9-10-11-13-14-15-16-18-19-20-22-23-24-26
 63 |   0 -3 -4 -5 -7 -9-10-11-13-14-15-16-18-19-20-22-23-24-26
 64 |   0 -1 -3 -4 -5 -7-10-11-13-14-15-16-18-19-20-22-23-24-26
 65 |   0  1 -1 -3 -5 -6 -8-11-13-14-15-16-18-19-20-22-23-24-26
 66 |   0  7  3 -1 -4 -5 -7 -9-13-14-15-16-18-19-20-22-23-24-26
 67 |   0  9 11  5 -2 -5 -7 -9-12-14-15-16-18-19-20-22-23-24-26
 68 |   0  8 13 10  0 -5 -8-11-12-14-15-16-18-19-20-22-23-24-26
 69 |   0  8  7  1 -1 -6 -9-11-12-14-15-16-18-19-20-22-23-24-26
 70 |   0  4  1 -1 -5 -8-10-11-13-14-15-16-18-19-20-22-23-24-26
 71 |   0  0 -1 -5 -7 -9-10-11-13-14-15-16-18-19-20-22-23-24-26
 72 |   0 -1 -4 -6 -7 -9-10-11-13-14-15-16-18-19-20-22-23-24-26
 73 |   0 -2 -5 -6 -7 -9-10-11-13-14-15-16-18-19-20-22-23-24-26
 74 |   0 -3 -5 -6 -7 -9-10-11-13-14-15-16-18-19-20-22-23-24-26
 75 |   0 -2 -5 -6 -7 -9-10-11-13-14-15-16-18-19-20-22-23-24-26
 76 |   0 -2 -5 -6 -7 -9-10-11-13-14-15-16-18-19-20-22-23-24-26
 77 |   0 -3 -5 -6 -7 -9-10-11-13-14-15-16-18-19-20-22-23-24-26
 78 |   0 -3 -5 -6 -7 -9-10-11-13-14-15-16-18-19-20-22-23-24-26
 79 *   0 -3 -5 -6 -7 -9-10-11-13-14-15-16-18-19-20-22-23-24-26
 80 |   1 -3 -5 -6 -7 -9-10-11-13-14-15-16-18-19-20-22-23-24-26
 81 |   3 -3 -5 -6 -7 -9-10-11-13-14-15-16-18-19-20-22-23-24-26
 82 |   3  2 -5 -6 -7 -9-10-11-13-14-15-16-18-19-20-22-23-24-26
 83 |   3  3 -5 -6 -7 -9-10-11-13-14-15-16-18-19-20-22-23-24-26
 84 |   3 -3 -5 -6 -7 -9-10-11-13-14-15-16-18-19-20-22-23-24-26
 85 |   1 -3 -5 -6 -7 -9-10-11-13-14-15-16-18-19-20-22-23-24-26
 86 *   0 -3 -5 -6 -7 -9-10-11-13-14-15-16-18-19-20-22-23-24-26
 87 |   0 -3 -5 -6 -7 -9-10-11-13-14-15-16-18-19-20-22-23-24-26
 88 |   0 -3 -5 -6 -7 -9-10-11-13-14-15-16-18-19-20-22-23-24-26
 89 |   0 -3 -5 -6 -7 -9-10-11-13-14-15-16-18-19-20-22-23-24-26
 90 |   0 -3 -5 -6 -7 -9-10-11-13-14-15-16-18-19-20-22-23-24-26
 91 |   0 -1 -4 -5 -7 -9-10-11-13-14-15-16-18-19-20-22-23-24-26
 92 |   0  2 -1 -4 -6 -9-10-11-13-14-15-16-18-19-20-22-23-24-26
 93 |   0  6  3 -1 -4 -7-10-11-13-14-15-16-18-19-20-22-23-24-26
 94 |   0  6  9  4 -2 -9-10-11-13-14-15-16-18-19-20-22-23-24-26
 95 |   0  5  9  5 -7 -9-10-11-13-14-15-16-18-19-20-22-23-24-26
 96 |   0  5  3 -6 -7 -9-10-11-13-14-15-16-18-19-20-22-23-24-26
 97 |   0  2 -5 -6 -7 -9-10-11-13-14-15-16-18-19-20-22-23-24-26
 98 |   0 -3 -5 -6 -7 -9-10-11-13-14-15-16-18-19-20-22-23-24-26
 99 |   0 -3 -5 -6 -7 -9-10-11-13-14-15-16-18-19-20-22-23-24-26
100 *   0 -3 -5 -6 -7 -9-10-11-13-14-15-16-18-19-20-22-23-24-26
101 |   1 -3 -5 -6 -7 -9-10-11-13-14-15-16-18-19-20-22-23-24-26
102 |   2 -3 -5 -6 -7 -9-10-11-13-14-15-16-18-19-20-22-23-24-26
103 |   3 -1 -5 -6 -7 -9-10-11-13-14-15-16-18-19-20-22-23-24-26
104 |   3  2 -5 -6 -7 -9-10-11-13-14-15-16-18-19-20-22-23-24-26
105 |   2 -3 -5 -6 -7 -9-10-11-13-14-15-16-18-19-20-22-23-24-26
106 |   1 -3 -5 -6 -7 -9-10-11-13-14-15-16-18-19-20-22-23-24-26
107 *   0 -3 -5 -6 -7 -9-10-11-13-14-15-16-18-19-20-22-23-24-26
108 *   0 -3 -5 -6 -7 -9-10-11-13-14-15-16-18-19-20-22-23-24-26
109 |   0 -3 -5 -6 -7 -9-10-11-13-14-15-16-18-19-20-22-23-24-26
110 |   0 -3 -5 -6 -7 -9-10-11-13-14-15-16-18-19-20-22-23-24  0
111 |   0 -3 -5 -6 -7 -9-10-11-13-14-15-16-18-19-20-22-23  0  0
112 |   0 -1 -4 -6 -7 -9-10-11-13-14-15-16-18-19-20-22  0  0  0
113 |   0  2 -1 -4 -7 -9-10-11-13-14-15-16-18-19-20  0  0  0  0
114 |   0  9  4 -1 -4 -9-10-11-13-14-15-16-18-19  0  0  0  0  0
115 |   0 11 12  5 -1 -5-10-11-13-14-15-16-18  0  0  0  0  0  0
116 |   0  8 11 11  7 -1 -6-11-13-14-15-16  0  0  0  0  0  0  0
117 |   0  6 11 15 13  8 -1 -7-13-14-15  0  0  0  0  0  0  0  0
118 |   0  7 10 13 15 15  3 -8-11-14  0  0  0  0  0  0  0  0  0
119 |   0  8 11 12 16  6 -5-10-11  0  0  0  0  0  0  0  0  0  0
120 |   0  7 12 14  4 -5 -9-10  0  0  0  0  0  0  0  0  0  0  0
121 |   0  8 11  3 -4 -8 -9  0  0  0  0  0  0  0  0  0  0  0  0
122 |   0  7  2 -4 -6 -8  0  0  0  0  0  0  0  0  0  0  0  0  0
123 |   0  0 -3 -5 -6  0  0  0  0  0  0  0  0  0  0  0  0  0  0
124 |   0 -1 -3 -6  0  0  0  0  0  0  0  0  0  0  0  0  0  0  0
125 |   0 -3 -5  0  0  0  0  0  0  0  0  0  0  0  0  0  0  0  0
126 |   0  0  0  0  0  0  0  0  0  0  0  0  0  0  0  0  0  0  0
127 |   0  0  0  0  0  0  0  0  0  0  0  0  0  0  0  0  0  0  0


  0 |                                                                             
  1 |                                                                             
  2 |                                                                             
  3 *                                                                             
  4 *                                                                             
  5 |    1                                                                        
  6 |    3                                                                        
  7 |    3  41                                                                    
  8 |    3  18                                                                    
  9 |    3                                                                        
 10 |    2                                                                        
 11 *                                                                             
 12 |                                                                             
 13 |                                                                             
 14 |                                                                             
 15 |        2  10                                                                
 16 |       11  28  45                                                            
 17 |       11  43  74 104                                                        
 18 |        8  39  99 156 200                                                    
 19 |        7  36  98 191 270 284                                                
 20 |        8  37  93 189 271 272                                                
 21 |        9  39  96 148 189                                                    
 22 |        8  42  74  94                                                        
 23 |       10  24  39                                                            
 24 |        2   7                                                                
 25 |                                                                             
 26 |                                                                             
 27 |                                                                             
 28 *                                                                             
 29 |    1                                                                        
 30 |    2                                                                        
 31 |    3   9                                                                    
 32 |    3  13  19                                                                
 33 |    3  12                                                                    
 34 |    2                                                                        
 35 |    1                                                                        
 36 *                                                                             
 37 |                                                                             
 38 |                                                                             
 39 |        2                                                                    
 40 |       13  29                                                                
 41 |       10  36  53                                                            
 42 |        5  26  60  62                                                        
 43 |        5  20  34                                                            
 44 |        7  11                                                                
 45 |                                                                             
 46 |                                                                             
 47 |                                                                             
 48 *                                                                             
 49 |    1                                                                        
 50 |    2                                                                        
 51 |    3   7                                                                    
 52 |    3  14  21                                                                
 53 |    4  18  25                                                                
 54 |    3  11                                                                    
 55 |    2                                                                        
 56 |    1                                                                        
 57 *                                                                             
 58 |                                                                             
 59 |                                                                             
 60 |                                                                             
 61 |                                                                             
 62 |                                                                             
 63 |                                                                             
 64 |                                                                             
 65 |        1   6   8  11   8                                                    
 66 |        7  23  38  50  49  14                                                
 67 |        9  37  71  86  69  28                                                
 68 |        8  39  82  98  78  24                                                
 69 |        8  29  55  79  67  12                                                
 70 |        4  14  26  33  30                                                    
 71 |        0   2                                                                
 72 |                                                                             
 73 |                                                                             
 74 |                                                                             
 75 |                                                                             
 76 |                                                                             
 77 |                                                                             
 78 |                                                                             
 79 *                                                                             
 80 |    1                                                                        
 81 |    3                                                                        
 82 |    3  13                                                                    
 83 |    3  14                                                                    
 84 |    3                                                                        
 85 |    1                                                                        
 86 *                                                                             
 87 |                                                                             
 88 |                                                                             
 89 |                                                                             
 90 |                                                                             
 91 |                                                                             
 92 |        2   5   4                                                            
 93 |        6  19  29  32  12                                                    
 94 |        6  28  54  57                                                        
 95 |        5  27  54                                                            
 96 |        5  17                                                                
 97 |        2                                                                    
 98 |                                                                             
 99 |                                                                             
100 *                                                                             
101 |    1                                                                        
102 |    2                                                                        
103 |    3   7                                                                    
104 |    3  11                                                                    
105 |    2                                                                        
106 |    1                                                                        
107 *                                                                             
108 *                                                                             
109 |                                                                             
110 |                                                                             
111 |                                                                             
112 |                                                                             
113 |        2   8  12                                                            
114 |        9  28  43  50                                                        
115 |       11  42  72  96 116                                                    
116 |        8  39  91 145 183 212                                                
117 |        6  34  93 172 249 304 288                                            
118 |        7  34  87 175 287 334 291 195                                        
119 |        8  36  88 171 242 278 261 185                                        
120 |        7  38  90 131 162 185 194                                            
121 |        8  35  63  82  89  98                                                
122 |        7  18  28  33  36                                                    
123 |        0   2   0                                                            
124 |                                                                             
125 |                                                                             
126 |                                                                             
127 |                                                                             


 tops = 924.947693

 i = 118 j = 7
 i = 104 j = 2
 i = 94 j = 4
 i = 83 j = 2
 i = 68 j = 5
 i = 53 j = 3
 i = 42 j = 4
 i = 32 j = 2
 i = 20 j = 6
 i = 7 j = 2

