    0 0.000000 0.000000 0.000004 0.000001
    1 0.000000 0.000000 0.000005 0.000001
    2 0.000000 0.000000 0.000006 0.000002
    3 0.000000 0.000000 0.000007 0.000002
    4 0.000000 0.000000 0.000008 0.000002
    5 0.000000 0.000000 0.000009 0.000003
    6 0.000000 0.000000 0.000010 0.000003
    7 0.000000 0.000000 0.000012 0.000003
    8 0.000000 0.000000 0.000014 0.000004
    9 0.000000 0.000000 0.000016 0.000005
   10 0.000000 0.000000 0.000019 0.000005
   11 0.000000 0.000000 0.000022 0.000006
   12 0.000000 0.000000 0.000025 0.000007
   13 0.000000 0.000000 0.000029 0.000009
   14 0.000000 0.000000 0.000034 0.000010
   15 0.000000 0.000000 0.000040 0.000012
   16 0.000000 0.000000 0.000046 0.000013
   17 0.000000 0.000000 0.000053 0.000016
   18 0.000000 0.000000 0.000062 0.000018
   19 0.000000 0.000000 0.000072 0.000021
   20 0.000000 0.000000 0.000084 0.000024
   21 0.000000 0.000000 0.000097 0.000028
   22 0.000000 0.000000 0.000113 0.000033
   23 0.000000 0.000000 0.000131 0.000038
   24 0.000000 0.000000 0.000153 0.000044
   25 0.000000 0.000000 0.000177 0.000052
   26 0.000000 0.000000 0.000206 0.000060
   27 0.000000 0.000000 0.000239 0.000070
   28 0.000000 0.000000 0.000278 0.000081
   29 0.000000 0.000000 0.000323 0.000094
   30 0.000000 0.000000 0.000375 0.000109
   31 0.000000 0.000000 0.000436 0.000127
   32 0.000000 0.000000 0.000507 0.000147
   33 0.000000 0.000000 0.000589 0.000171
   34 0.000000 0.000000 0.000684 0.000199
   35 0.000000 0.000000 0.000795 0.000231
   36 0.000000 0.000000 0.000923 0.000268
   37 0.000000 0.000000 0.001073 0.000312
   38 0.000000 0.000000 0.001246 0.000362
   39 0.000000 0.000000 0.001448 0.000421
   40 0.000000 0.000000 0.001682 0.000489
   41 0.000000 0.000000 0.001955 0.000568
   42 0.000000 0.000000 0.002271 0.000660
   43 0.000000 0.000000 0.002638 0.000767
   44 0.000000 0.000000 0.003065 0.000891
   45 0.000000 0.000000 0.003561 0.001036
   46 0.000000 0.000000 0.004138 0.001203
   47 0.000000 0.000000 0.004807 0.001398
   48 0.000000 0.000000 0.005585 0.001624
   49 0.000000 0.000000 0.006489 0.001887
   50 1.000000 0.100000 0.007539 0.002192
   51 0.000000 0.100000 0.008759 0.002547
   52 0.000000 0.100000 0.010176 0.002959
   53 0.000000 0.100000 0.011823 0.003438
   54 0.000000 0.100000 0.013736 0.003995
   55 0.000000 0.100000 0.015958 0.004641
   56 0.000000 0.100000 0.018540 0.005392
   57 0.000000 0.100000 0.021539 0.006265
   58 0.000000 0.100000 0.025024 0.007278
   59 0.000000 0.100000 0.029072 0.008456
   60 0.000000 0.100000 0.033775 0.009824
   61 0.000000 0.100000 0.039238 0.011414
   62 0.000000 0.100000 0.045584 0.013260
   63 0.000000 0.100000 0.052956 0.015406
   64 0.000000 0.100000 0.061519 0.017898
   65 0.000000 0.100000 0.071466 0.020793
   66 0.000000 0.100000 0.083019 0.024156
   67 0.000000 0.100000 0.096436 0.028063
   68 0.000000 0.100000 0.112020 0.032601
   69 0.000000 0.100000 0.130117 0.037872
   70 0.000000 0.100000 0.151132 0.043995
   71 0.000000 0.100000 0.175533 0.051106
   72 0.000000 0.100000 0.203863 0.059366
   73 0.000000 0.100000 0.236750 0.068958
   74 0.000000 0.100000 0.274923 0.080097
   75 0.000000 0.100000 0.319225 0.093032
   76 0.000000 0.100000 0.370631 0.108051
   77 0.000000 0.100000 0.430265 0.125487
   78 0.000000 0.100000 0.499430 0.145727
   79 0.000000 0.100000 0.579626 0.169218
   80 0.000000 0.100000 0.672581 0.196480
   81 0.000000 0.100000 0.780284 0.228110
   82 0.000000 0.100000 0.905020 0.264802
   83 0.000000 0.100000 1.049407 0.307352
   84 0.000000 0.100000 1.216439 0.356683
   85 0.000000 0.100000 1.409534 0.413856
   86 0.000000 0.100000 1.632576 0.480090
   87 0.000000 0.100000 1.889963 0.556785
   88 0.000000 0.100000 2.186653 0.645546
   89 0.000000 0.100000 2.528206 0.748207
   90 0.000000 0.100000 2.920809 0.866855
   91 0.000000 0.100000 3.371297 1.003867
   92 0.000000 0.100000 3.887133 1.161926
   93 0.000000 0.100000 4.476369 1.344057
   94 0.000000 0.100000 5.147540 1.553647
   95 0.000000 0.100000 5.909492 1.794462
   96 0.000000 0.100000 6.771111 2.070656
   97 0.000000 0.100000 7.740931 2.386765
   98 1.946469 0.294647 8.826566 2.747679
   99 4.473123 0.741959 10.033957 3.158588
  100 6.499043 1.391864 11.366352 3.624887
  101 7.456130 2.137477 12.823026 4.152028
  102 13.760211 3.513498 14.397683 4.745320
  103 11.363955 4.649893 16.076544 5.409639
  104 8.890400 5.538933 17.836191 6.149059
  105 5.365359 6.075469 19.641254 6.966381
  106 15.475569 7.623026 21.442196 7.862560
  107 20.431011 9.666127 23.173557 8.836050
  108 13.565735 11.022701 24.753189 9.882082
  109 26.027567 13.625458 26.083252 10.991959
  110 23.887318 16.014189 27.053804 12.152427
  111 13.981830 17.412372 27.549908 13.345300
  112 13.438064 18.756178 27.462910 14.547462
  113 9.208115 19.676990 26.705956 15.731474
  114 7.141334 20.391122 25.232641 16.866913
  115 3.728352 20.763957 23.056124 17.922572
  116 5.019724 21.265930 20.264093 18.869398
  117 2.150941 21.481024 17.023674 19.683910
  118 1.630907 21.644115 13.570322 20.351472
  119 0.751863 21.719301 10.177702 20.868707
  120 0.136423 21.732944 7.111270 21.244174
  121 0.115475 21.744492 4.576190 21.496889
  122 0.144975 21.758989 2.676310 21.652707
  123 0.102767 21.769266 1.400631 21.739500
  124 0.020047 21.771271 0.644257 21.782475
  125 0.010000 21.772270 0.255077 21.801042
  126 0.030173 21.775287 0.084844 21.807893
  127 0.042242 21.779510 0.023049 21.809998
  128 0.051054 21.784616 0.004950 21.810522
  129 0.020000 21.786617 0.000809 21.810623
  130 0.010001 21.787616 0.000096 21.810638
  131 0.010000 21.788615 0.000008 21.810640
  132 0.020088 21.790623 0.000000 21.810640
  133 0.060031 21.796626 0.000000 21.810640
  134 0.030026 21.799629 0.000000 21.810640
  135 0.020000 21.801630 0.000000 21.810640
  136 0.020000 21.803630 0.000000 21.810640
  137 0.020000 21.805630 0.000000 21.810640
  138 0.000000 21.805630 0.000000 21.810640
  139 0.020000 21.807631 0.000000 21.810640
  140 0.010000 21.808630 0.000000 21.810640
  141 0.010001 21.809630 0.000000 21.810640
  142 0.000000 21.809630 0.000000 21.810640
  143 0.000000 21.809630 0.000000 21.810640
  144 0.000000 21.809630 0.000000 21.810640
  145 0.000000 21.809630 0.000000 21.810640
  146 0.000000 21.809630 0.000000 21.810640
  147 0.000000 21.809630 0.000000 21.810640
  148 0.000000 21.809630 0.000000 21.810640
  149 0.000000 21.809630 0.000000 21.810640
  150 0.010000 21.810629 0.000000 21.810640
  151 0.000000 21.810629 0.000000 21.810640
  152 0.000000 21.810629 0.000000 21.810640
  153 0.000000 21.810629 0.000000 21.810640
  154 0.000000 21.810629 0.000000 21.810640
  155 0.000000 21.810629 0.000000 21.810640
  156 0.000000 21.810629 0.000000 21.810640
  157 0.000000 21.810629 0.000000 21.810640
  158 0.000000 21.810629 0.000000 21.810640
  159 0.000000 21.810629 0.000000 21.810640
  160 0.000000 21.810629 0.000000 21.810640
  161 0.000000 21.810629 0.000000 21.810640
  162 0.000000 21.810629 0.000000 21.810640
  163 0.000000 21.810629 0.000000 21.810640
  164 0.000000 21.810629 0.000000 21.810640
  165 0.000000 21.810629 0.000000 21.810640
  166 0.000000 21.810629 0.000000 21.810640
  167 0.000000 21.810629 0.000000 21.810640
  168 0.000000 21.810629 0.000000 21.810640
  169 0.000000 21.810629 0.000000 21.810640
  170 0.000000 21.810629 0.000000 21.810640
  171 0.000000 21.810629 0.000000 21.810640
  172 0.000000 21.810629 0.000000 21.810640
  173 0.000000 21.810629 0.000000 21.810640
  174 0.000000 21.810629 0.000000 21.810640
  175 0.000000 21.810629 0.000000 21.810640
  176 0.000000 21.810629 0.000000 21.810640
  177 0.000000 21.810629 0.000000 21.810640
  178 0.000000 21.810629 0.000000 21.810640
  179 0.000000 21.810629 0.000000 21.810640
  180 0.000000 21.810629 0.000000 21.810640
  181 0.000000 21.810629 0.000000 21.810640
  182 0.000000 21.810629 0.000000 21.810640
  183 0.000000 21.810629 0.000000 21.810640
  184 0.000000 21.810629 0.000000 21.810640
  185 0.000000 21.810629 0.000000 21.810640
  186 0.000000 21.810629 0.000000 21.810640
  187 0.000000 21.810629 0.000000 21.810640
  188 0.000000 21.810629 0.000000 21.810640
  189 0.000000 21.810629 0.000000 21.810640
  190 0.000000 21.810629 0.000000 21.810640
  191 0.000000 21.810629 0.000000 21.810640
  192 0.000000 21.810629 0.000000 21.810640
  193 0.000000 21.810629 0.000000 21.810640
  194 0.000000 21.810629 0.000000 21.810640
  195 0.000000 21.810629 0.000000 21.810640
  196 0.000000 21.810629 0.000000 21.810640
  197 0.000000 21.810629 0.000000 21.810640
  198 0.000000 21.810629 0.000000 21.810640
  199 0.000000 21.810629 0.000000 21.810640
